0 verbose cli /usr/bin/node /usr/bin/npm
1 info using npm@9.6.6
2 info using node@v18.16.0
3 timing npm:load:whichnode Completed in 1ms
4 timing config:load:defaults Completed in 1ms
5 timing config:load:file:/usr/lib/node_modules/npm/npmrc Completed in 1ms
6 timing config:load:builtin Completed in 1ms
7 timing config:load:cli Completed in 2ms
8 timing config:load:env Completed in 0ms
9 timing config:load:file:/home/popiel/projects/mc-docs/.npmrc Completed in 0ms
10 timing config:load:project Completed in 2ms
11 timing config:load:file:/root/.npmrc Completed in 0ms
12 timing config:load:user Completed in 0ms
13 timing config:load:file:/usr/etc/npmrc Completed in 0ms
14 timing config:load:global Completed in 0ms
15 timing config:load:setEnvs Completed in 1ms
16 timing config:load Completed in 7ms
17 timing npm:load:configload Completed in 7ms
18 timing npm:load:mkdirpcache Completed in 1ms
19 timing npm:load:mkdirplogs Completed in 0ms
20 verbose title npm
21 verbose argv "--cache" "clear" "--force"
22 timing npm:load:setTitle Completed in 1ms
23 timing config:load:flatten Completed in 2ms
24 timing npm:load:display Completed in 3ms
25 verbose logfile logs-max:10 dir:/home/popiel/projects/mc-docs/clear/_logs/2023-08-04T14_25_10_556Z-
26 verbose logfile /home/popiel/projects/mc-docs/clear/_logs/2023-08-04T14_25_10_556Z-debug-0.log
27 timing npm:load:logFile Completed in 7ms
28 timing npm:load:timers Completed in 0ms
29 timing npm:load:configScope Completed in 0ms
30 warn using --force Recommended protections disabled.
31 timing npm:load Completed in 21ms
32 verbose exit 0
33 timing npm Completed in 26ms
34 verbose code 1
